2025-05-19 13:28:37,206 - INFO - Iniciando script principal...
2025-05-19 13:28:37,207 - INFO - Consultando placas e localizações via processador_placas.py...
2025-05-19 13:28:37,207 - INFO - Iniciando o processo de localização de veículos...
2025-05-19 13:28:37,208 - INFO - Sistema iniciado e pronto para extração.
2025-05-19 13:28:37,208 - INFO - Diretório de download configurado para: C:\Users\Administrador\Downloads. Esta verificação de existência será pulada no sandbox.
2025-05-19 13:28:37,735 - INFO - Conexão com https://www.google.com/ verificada com sucesso
2025-05-19 13:28:37,821 - INFO - Conexão com http://vstrack.ddns.net/ verificada com sucesso
2025-05-19 13:28:37,822 - INFO - Iniciando processo de extração de dados...
2025-05-19 13:28:39,523 - INFO - Acessando URL: http://vstrack.ddns.net/komando/Rastreamento/Index
2025-05-19 13:28:41,189 - INFO - Aguardando página de login carregar...
2025-05-19 13:28:41,236 - INFO - Página de login carregada. Preenchendo credenciais...
2025-05-19 13:28:41,413 - INFO - Tentando clicar no botão de login por ID...
2025-05-19 13:28:43,813 - INFO - Aguardando redirecionamento após login...
2025-05-19 13:28:48,822 - INFO - Login concluído. URL atual: http://vstrack.ddns.net/komando/Rastreamento/Index
2025-05-19 13:28:48,823 - INFO - Iniciando extração de dados...
2025-05-19 13:28:48,824 - INFO - Aguardando carregamento da tabela de dados...
2025-05-19 13:28:48,965 - INFO - Opção de 50 registros por página selecionada
2025-05-19 13:28:56,188 - INFO - Placa processada com sucesso: MJQ-9F49 -> MJQ9F49
2025-05-19 13:28:56,207 - WARNING - Célula da placa vazia na linha 4
2025-05-19 13:28:56,214 - INFO - Placa recuperada via JS: MFV-2F58 -> MFV2F58
2025-05-19 13:28:56,238 - WARNING - Célula da placa vazia na linha 5
2025-05-19 13:28:56,247 - INFO - Placa recuperada via JS: EZU-2F66 -> EZU2F66
2025-05-19 13:28:56,270 - WARNING - Célula da placa vazia na linha 6
2025-05-19 13:28:56,279 - INFO - Placa recuperada via JS: AUC-7B87 -> AUC7B87
2025-05-19 13:28:56,302 - WARNING - Célula da placa vazia na linha 7
2025-05-19 13:28:56,311 - INFO - Placa recuperada via JS: AOE-1440 -> AOE1440
2025-05-19 13:28:56,334 - WARNING - Célula da placa vazia na linha 8
2025-05-19 13:28:56,342 - INFO - Placa recuperada via JS: MXD-4E39 -> MXD4E39
2025-05-19 13:28:56,367 - WARNING - Célula da placa vazia na linha 9
2025-05-19 13:28:56,375 - INFO - Placa recuperada via JS: HNX-2I05 -> HNX2I05
2025-05-19 13:28:56,397 - WARNING - Célula da placa vazia na linha 10
2025-05-19 13:28:56,405 - INFO - Placa recuperada via JS: FSC-2A29 -> FSC2A29
2025-05-19 13:28:56,423 - WARNING - Célula da placa vazia na linha 11
2025-05-19 13:28:56,429 - INFO - Placa recuperada via JS: RYZ-8I09 -> RYZ8I09
2025-05-19 13:28:56,446 - WARNING - Célula da placa vazia na linha 12
2025-05-19 13:28:56,454 - INFO - Placa recuperada via JS: AXL-6G70 -> AXL6G70
2025-05-19 13:28:56,475 - WARNING - Célula da placa vazia na linha 13
2025-05-19 13:28:56,480 - INFO - Placa recuperada via JS: MKQ-1B65 -> MKQ1B65
2025-05-19 13:28:56,502 - WARNING - Célula da placa vazia na linha 14
2025-05-19 13:28:56,510 - INFO - Placa recuperada via JS: AZO-5G94 -> AZO5G94
2025-05-19 13:28:56,532 - WARNING - Célula da placa vazia na linha 15
2025-05-19 13:28:56,543 - INFO - Placa recuperada via JS: APY-4F10 -> APY4F10
2025-05-19 13:28:56,577 - WARNING - Célula da placa vazia na linha 16
2025-05-19 13:28:56,582 - INFO - Placa recuperada via JS: AZD-7648 -> AZD7648
2025-05-19 13:28:56,582 - INFO - Total de placas encontradas: 14
2025-05-19 13:28:56,582 - INFO - Placa 1: MJQ9F49
2025-05-19 13:28:56,582 - INFO - Placa 2: MFV2F58
2025-05-19 13:28:56,583 - INFO - Placa 3: EZU2F66
2025-05-19 13:28:56,583 - INFO - Placa 4: AUC7B87
2025-05-19 13:28:56,585 - INFO - Placa 5: AOE1440
2025-05-19 13:28:56,585 - INFO - Placa 6: MXD4E39
2025-05-19 13:28:56,586 - INFO - Placa 7: HNX2I05
2025-05-19 13:28:56,586 - INFO - Placa 8: FSC2A29
2025-05-19 13:28:56,586 - INFO - Placa 9: RYZ8I09
2025-05-19 13:28:56,587 - INFO - Placa 10: AXL6G70
2025-05-19 13:28:56,587 - INFO - Placa 11: MKQ1B65
2025-05-19 13:28:56,587 - INFO - Placa 12: AZO5G94
2025-05-19 13:28:56,588 - INFO - Placa 13: APY4F10
2025-05-19 13:28:56,588 - INFO - Placa 14: AZD7648
2025-05-19 13:28:58,780 - INFO - Placas recebidas para processamento: ['MJQ9F49', 'MFV2F58', 'EZU2F66', 'AUC7B87', 'AOE1440', 'MXD4E39', 'HNX2I05', 'FSC2A29', 'RYZ8I09', 'AXL6G70', 'MKQ1B65', 'AZO5G94', 'APY4F10', 'AZD7648']
2025-05-19 13:28:58,780 - INFO - Obtendo token da API...
2025-05-19 13:28:58,880 - INFO - Token da API obtido com sucesso.
2025-05-19 13:28:58,880 - INFO - Processando placa: MJQ9F49
2025-05-19 13:29:00,401 - INFO - Localização para MJQ9F49: Quatro Barras, Paraná
2025-05-19 13:29:00,402 - INFO - Processando placa: MFV2F58
2025-05-19 13:29:01,856 - INFO - Localização para MFV2F58: Centralina, Minas Gerais
2025-05-19 13:29:01,857 - INFO - Processando placa: EZU2F66
2025-05-19 13:29:02,100 - WARNING - Estrutura de resposta da API inesperada para a placa EZU2F66 (esperado 'Posicoes' como lista com itens). Resposta: {'Status': 111, 'ErrosValidacao': [{'Codigo': 24, 'Descricao': 'Consulta veículo não encontrada, favor solicitar consulta. - Nenhuma posição da placa informada foi encontrada.'}]}
2025-05-19 13:29:02,101 - INFO - Processando placa: AUC7B87
2025-05-19 13:29:03,656 - INFO - Localização para AUC7B87: Quatro Barras, Paraná
2025-05-19 13:29:03,656 - INFO - Processando placa: AOE1440
2025-05-19 13:29:05,152 - INFO - Localização para AOE1440: Centralina, Minas Gerais
2025-05-19 13:29:05,153 - INFO - Processando placa: MXD4E39
2025-05-19 13:29:05,608 - INFO - Nome da cidade ajustado para: Pedra Azul
2025-05-19 13:29:06,609 - INFO - Localização para MXD4E39: Pedra Azul, Minas Gerais
2025-05-19 13:29:06,610 - INFO - Processando placa: HNX2I05
2025-05-19 13:29:08,282 - INFO - Localização para HNX2I05: Ribeirão Pires, São Paulo
2025-05-19 13:29:08,282 - INFO - Processando placa: FSC2A29
2025-05-19 13:29:09,803 - INFO - Localização para FSC2A29: Abadiânia, Goiás
2025-05-19 13:29:09,804 - INFO - Processando placa: RYZ8I09
2025-05-19 13:29:11,265 - INFO - Localização para RYZ8I09: Esplanada, Bahia
2025-05-19 13:29:11,266 - INFO - Processando placa: AXL6G70
2025-05-19 13:29:12,808 - INFO - Localização para AXL6G70: Manoel Vitorino, Bahia
2025-05-19 13:29:12,808 - INFO - Processando placa: MKQ1B65
2025-05-19 13:29:14,273 - INFO - Localização para MKQ1B65: Sítio Novo do Tocantins, Tocantins
2025-05-19 13:29:14,274 - INFO - Processando placa: AZO5G94
2025-05-19 13:29:14,720 - INFO - Nome da cidade ajustado para: Jequié
2025-05-19 13:29:15,722 - INFO - Localização para AZO5G94: Jequié, Bahia
2025-05-19 13:29:15,723 - INFO - Processando placa: APY4F10
2025-05-19 13:29:17,235 - INFO - Localização para APY4F10: Fazenda Rio Grande, Paraná
2025-05-19 13:29:17,236 - INFO - Processando placa: AZD7648
2025-05-19 13:29:18,693 - INFO - Localização para AZD7648: Marituba, Pará
2025-05-19 13:29:18,699 - INFO - Resultados salvos em: localizacao_veiculos.json
2025-05-19 13:29:18,700 - INFO - 14 veículos com localização obtidos.
2025-05-19 13:29:18,701 - INFO - Iniciando processamento individual de cada veículo no sistema SSW...
2025-05-19 13:29:18,703 - INFO - Processando veículo 1/14: Placa MJQ9F49 - Quatro Barras/Paraná
2025-05-19 13:29:18,707 - INFO - Iniciando atualização no SSW para a placa: MJQ9F49 - Quatro Barras/Paraná
2025-05-19 13:29:20,359 - INFO - WebDriver iniciado para placa MJQ9F49.
2025-05-19 13:29:59,424 - INFO - Tabela encontrada, processando manifestos...
2025-05-19 13:30:09,256 - INFO - Pulando linha - penúltima coluna preenchida: AWB
2025-05-19 13:30:50,865 - INFO - AUTORIZADO encontrado para manifesto: CTA 025653-6
2025-05-19 13:30:56,273 - INFO - Manifesto processado e armazenado: CTA=CTA, Número=0256536
2025-05-19 13:31:08,969 - INFO - Total de manifestos encontrados: 1
2025-05-19 13:31:09,273 - INFO - Manifestos CTA: ['CTA']
2025-05-19 13:31:10,393 - INFO - Números: ['0256536']
2025-05-19 13:31:11,568 - INFO - Total de manifestos autorizados encontrados: 1
2025-05-19 13:31:13,814 - INFO - Processando manifesto 1/1: CTA - 0256536
2025-05-19 13:31:32,440 - INFO - Todos os 1 manifestos foram processados
2025-05-19 13:31:34,674 - INFO - WebDriver finalizado para placa MJQ9F49.
2025-05-19 13:31:34,675 - INFO - Função atualizar_sistema_para_placa (MJQ9F49) concluída.
2025-05-19 13:31:34,675 - INFO - Aguardando intervalo antes do próximo veículo...
2025-05-19 13:31:39,677 - INFO - Processando veículo 2/14: Placa MFV2F58 - Centralina/Minas Gerais
2025-05-19 13:31:39,679 - INFO - Iniciando atualização no SSW para a placa: MFV2F58 - Centralina/Minas Gerais
2025-05-19 13:31:41,379 - INFO - WebDriver iniciado para placa MFV2F58.
2025-05-19 13:32:00,538 - INFO - Tabela encontrada, processando manifestos...
2025-05-19 13:32:00,609 - INFO - Pulando linha - penúltima coluna preenchida: AWB
2025-05-19 13:32:00,655 - INFO - AUTORIZADO encontrado para manifesto: CTA 025651-0
2025-05-19 13:32:00,655 - INFO - Manifesto processado e armazenado: CTA=CTA, Número=0256510
2025-05-19 13:32:00,693 - INFO - AUTORIZADO encontrado para manifesto: CTA 025650-1
2025-05-19 13:32:00,693 - INFO - Manifesto processado e armazenado: CTA=CTA, Número=0256501
2025-05-19 13:32:00,734 - INFO - AUTORIZADO encontrado para manifesto: CTA 025652-8
2025-05-19 13:32:00,735 - INFO - Manifesto processado e armazenado: CTA=CTA, Número=0256528
2025-05-19 13:32:00,735 - INFO - Total de manifestos encontrados: 3
2025-05-19 13:32:00,735 - INFO - Manifestos CTA: ['CTA', 'CTA', 'CTA']
2025-05-19 13:32:00,736 - INFO - Números: ['0256510', '0256501', '0256528']
2025-05-19 13:32:00,736 - INFO - Total de manifestos autorizados encontrados: 3
2025-05-19 13:32:02,956 - INFO - Processando manifesto 1/3: CTA - 0256510
2025-05-19 13:32:14,888 - INFO - Processando manifesto 2/3: CTA - 0256501
2025-05-19 13:32:30,308 - INFO - Processando manifesto 3/3: CTA - 0256528
2025-05-19 13:32:45,162 - INFO - Todos os 3 manifestos foram processados
2025-05-19 13:32:47,430 - INFO - WebDriver finalizado para placa MFV2F58.
2025-05-19 13:32:47,431 - INFO - Função atualizar_sistema_para_placa (MFV2F58) concluída.
2025-05-19 13:32:47,431 - INFO - Aguardando intervalo antes do próximo veículo...
2025-05-19 13:32:52,432 - WARNING - Veículo 3 com dados incompletos. Pulando processamento: {'placa': 'EZU2F66', 'Latitude': None, 'Longitude': None, 'Erro': 'Estrutura de resposta inesperada'}
2025-05-19 13:32:52,433 - INFO - Processando veículo 4/14: Placa AUC7B87 - Quatro Barras/Paraná
2025-05-19 13:32:52,434 - INFO - Iniciando atualização no SSW para a placa: AUC7B87 - Quatro Barras/Paraná
2025-05-19 13:32:54,187 - INFO - WebDriver iniciado para placa AUC7B87.
2025-05-19 13:33:22,226 - INFO - Tabela encontrada, processando manifestos...
2025-05-19 13:33:22,299 - INFO - Pulando linha - penúltima coluna preenchida: AWB
2025-05-19 13:33:22,351 - INFO - AUTORIZADO encontrado para manifesto: CTA 025645-5
2025-05-19 13:33:22,353 - INFO - Manifesto processado e armazenado: CTA=CTA, Número=0256455
2025-05-19 13:33:22,482 - INFO - Total de manifestos encontrados: 1
2025-05-19 13:33:22,482 - INFO - Manifestos CTA: ['CTA']
2025-05-19 13:33:22,483 - INFO - Números: ['0256455']
2025-05-19 13:33:22,483 - INFO - Total de manifestos autorizados encontrados: 1
2025-05-19 13:33:24,725 - INFO - Processando manifesto 1/1: CTA - 0256455
2025-05-19 13:33:38,612 - INFO - Todos os 1 manifestos foram processados
2025-05-19 13:33:40,817 - INFO - WebDriver finalizado para placa AUC7B87.
2025-05-19 13:33:40,818 - INFO - Função atualizar_sistema_para_placa (AUC7B87) concluída.
2025-05-19 13:33:40,819 - INFO - Aguardando intervalo antes do próximo veículo...
2025-05-19 13:33:45,820 - INFO - Processando veículo 5/14: Placa AOE1440 - Centralina/Minas Gerais
2025-05-19 13:33:45,821 - INFO - Iniciando atualização no SSW para a placa: AOE1440 - Centralina/Minas Gerais
2025-05-19 13:33:47,272 - INFO - WebDriver iniciado para placa AOE1440.
2025-05-19 13:34:29,057 - INFO - Tabela encontrada, processando manifestos...
2025-05-19 13:34:34,287 - INFO - Pulando linha - penúltima coluna preenchida: AWB
2025-05-19 13:36:26,494 - INFO - Iniciando script principal...
2025-05-19 13:36:26,495 - INFO - Consultando placas e localizações via processador_placas.py...
2025-05-19 13:36:26,496 - INFO - Iniciando o processo de localização de veículos...
2025-05-19 13:36:26,496 - INFO - Sistema iniciado e pronto para extração.
2025-05-19 13:36:26,496 - INFO - Diretório de download configurado para: C:\Users\Administrador\Downloads. Esta verificação de existência será pulada no sandbox.
2025-05-19 13:36:27,017 - INFO - Conexão com https://www.google.com/ verificada com sucesso
2025-05-19 13:36:27,129 - INFO - Conexão com http://vstrack.ddns.net/ verificada com sucesso
2025-05-19 13:36:27,130 - INFO - Iniciando processo de extração de dados...
2025-05-19 13:36:28,874 - INFO - Acessando URL: http://vstrack.ddns.net/komando/Rastreamento/Index
2025-05-19 13:36:30,530 - INFO - Aguardando página de login carregar...
2025-05-19 13:36:30,549 - INFO - Página de login carregada. Preenchendo credenciais...
2025-05-19 13:36:30,725 - INFO - Tentando clicar no botão de login por ID...
2025-05-19 13:36:33,381 - INFO - Aguardando redirecionamento após login...
2025-05-19 13:36:38,388 - INFO - Login concluído. URL atual: http://vstrack.ddns.net/komando/Rastreamento/Index
2025-05-19 13:36:38,388 - INFO - Iniciando extração de dados...
2025-05-19 13:36:38,389 - INFO - Aguardando carregamento da tabela de dados...
2025-05-19 13:36:39,022 - INFO - Opção de 50 registros por página selecionada
2025-05-19 13:36:46,320 - INFO - Placa processada com sucesso: MJQ-9F49 -> MJQ9F49
2025-05-19 13:36:46,343 - WARNING - Célula da placa vazia na linha 4
2025-05-19 13:36:46,355 - INFO - Placa recuperada via JS: MFV-2F58 -> MFV2F58
2025-05-19 13:36:46,383 - WARNING - Célula da placa vazia na linha 5
2025-05-19 13:36:46,398 - INFO - Placa recuperada via JS: EZU-2F66 -> EZU2F66
2025-05-19 13:36:46,423 - WARNING - Célula da placa vazia na linha 6
2025-05-19 13:36:46,429 - INFO - Placa recuperada via JS: AUC-7B87 -> AUC7B87
2025-05-19 13:36:46,449 - WARNING - Célula da placa vazia na linha 7
2025-05-19 13:36:46,459 - INFO - Placa recuperada via JS: AOE-1440 -> AOE1440
2025-05-19 13:36:46,482 - WARNING - Célula da placa vazia na linha 8
2025-05-19 13:36:46,491 - INFO - Placa recuperada via JS: MXD-4E39 -> MXD4E39
2025-05-19 13:36:46,514 - WARNING - Célula da placa vazia na linha 9
2025-05-19 13:36:46,522 - INFO - Placa recuperada via JS: HNX-2I05 -> HNX2I05
2025-05-19 13:36:46,542 - WARNING - Célula da placa vazia na linha 10
2025-05-19 13:36:46,549 - INFO - Placa recuperada via JS: FSC-2A29 -> FSC2A29
2025-05-19 13:36:46,568 - WARNING - Célula da placa vazia na linha 11
2025-05-19 13:36:46,576 - INFO - Placa recuperada via JS: RYZ-8I09 -> RYZ8I09
2025-05-19 13:36:46,596 - WARNING - Célula da placa vazia na linha 12
2025-05-19 13:36:46,606 - INFO - Placa recuperada via JS: AXL-6G70 -> AXL6G70
2025-05-19 13:36:46,625 - WARNING - Célula da placa vazia na linha 13
2025-05-19 13:36:46,632 - INFO - Placa recuperada via JS: MKQ-1B65 -> MKQ1B65
2025-05-19 13:36:46,656 - WARNING - Célula da placa vazia na linha 14
2025-05-19 13:36:46,662 - INFO - Placa recuperada via JS: AZO-5G94 -> AZO5G94
2025-05-19 13:36:46,685 - WARNING - Célula da placa vazia na linha 15
2025-05-19 13:36:46,692 - INFO - Placa recuperada via JS: APY-4F10 -> APY4F10
2025-05-19 13:36:46,712 - WARNING - Célula da placa vazia na linha 16
2025-05-19 13:36:46,721 - INFO - Placa recuperada via JS: AZD-7648 -> AZD7648
2025-05-19 13:36:46,721 - INFO - Total de placas encontradas: 14
2025-05-19 13:36:46,721 - INFO - Placa 1: MJQ9F49
2025-05-19 13:36:46,722 - INFO - Placa 2: MFV2F58
2025-05-19 13:36:46,722 - INFO - Placa 3: EZU2F66
2025-05-19 13:36:46,722 - INFO - Placa 4: AUC7B87
2025-05-19 13:36:46,722 - INFO - Placa 5: AOE1440
2025-05-19 13:36:46,722 - INFO - Placa 6: MXD4E39
2025-05-19 13:36:46,723 - INFO - Placa 7: HNX2I05
2025-05-19 13:36:46,723 - INFO - Placa 8: FSC2A29
2025-05-19 13:36:46,723 - INFO - Placa 9: RYZ8I09
2025-05-19 13:36:46,724 - INFO - Placa 10: AXL6G70
2025-05-19 13:36:46,724 - INFO - Placa 11: MKQ1B65
2025-05-19 13:36:46,724 - INFO - Placa 12: AZO5G94
2025-05-19 13:36:46,724 - INFO - Placa 13: APY4F10
2025-05-19 13:36:46,725 - INFO - Placa 14: AZD7648
2025-05-19 13:36:48,978 - INFO - Placas recebidas para processamento: ['MJQ9F49', 'MFV2F58', 'EZU2F66', 'AUC7B87', 'AOE1440', 'MXD4E39', 'HNX2I05', 'FSC2A29', 'RYZ8I09', 'AXL6G70', 'MKQ1B65', 'AZO5G94', 'APY4F10', 'AZD7648']
2025-05-19 13:36:48,979 - INFO - Obtendo token da API...
2025-05-19 13:36:49,093 - INFO - Token da API obtido com sucesso.
2025-05-19 13:36:49,094 - INFO - Processando placa: MJQ9F49
2025-05-19 13:36:50,624 - INFO - Localização para MJQ9F49: Quatro Barras, Paraná
2025-05-19 13:36:50,626 - INFO - Processando placa: MFV2F58
2025-05-19 13:36:52,220 - INFO - Localização para MFV2F58: Centralina, Minas Gerais
2025-05-19 13:36:52,220 - INFO - Processando placa: EZU2F66
2025-05-19 13:36:52,459 - WARNING - Estrutura de resposta da API inesperada para a placa EZU2F66 (esperado 'Posicoes' como lista com itens). Resposta: {'Status': 111, 'ErrosValidacao': [{'Codigo': 24, 'Descricao': 'Consulta veículo não encontrada, favor solicitar consulta. - Nenhuma posição da placa informada foi encontrada.'}]}
2025-05-19 13:36:52,461 - INFO - Processando placa: AUC7B87
2025-05-19 13:36:53,982 - INFO - Localização para AUC7B87: Quatro Barras, Paraná
2025-05-19 13:36:53,983 - INFO - Processando placa: AOE1440
2025-05-19 13:36:54,432 - INFO - Nome da cidade ajustado para: Uberlândia
2025-05-19 13:36:55,434 - INFO - Localização para AOE1440: Uberlândia, Minas Gerais
2025-05-19 13:36:55,435 - INFO - Processando placa: MXD4E39
2025-05-19 13:36:56,946 - INFO - Localização para MXD4E39: Pedra Azul, Minas Gerais
2025-05-19 13:36:56,946 - INFO - Processando placa: HNX2I05
2025-05-19 13:36:58,446 - INFO - Localização para HNX2I05: Suzano, São Paulo
2025-05-19 13:36:58,447 - INFO - Processando placa: FSC2A29
2025-05-19 13:36:59,903 - INFO - Localização para FSC2A29: Abadiânia, Goiás
2025-05-19 13:36:59,904 - INFO - Processando placa: RYZ8I09
2025-05-19 13:37:01,365 - INFO - Localização para RYZ8I09: Esplanada, Bahia
2025-05-19 13:37:01,366 - INFO - Processando placa: AXL6G70
2025-05-19 13:37:02,879 - INFO - Localização para AXL6G70: Jequié, Bahia
2025-05-19 13:37:02,880 - INFO - Processando placa: MKQ1B65
2025-05-19 13:37:04,390 - INFO - Localização para MKQ1B65: Sítio Novo do Tocantins, Tocantins
2025-05-19 13:37:04,391 - INFO - Processando placa: AZO5G94
2025-05-19 13:37:04,932 - INFO - Nome da cidade ajustado para: Jequié
2025-05-19 13:37:05,934 - INFO - Localização para AZO5G94: Jequié, Bahia
2025-05-19 13:37:05,934 - INFO - Processando placa: APY4F10
2025-05-19 13:37:07,463 - INFO - Localização para APY4F10: Fazenda Rio Grande, Paraná
2025-05-19 13:37:07,463 - INFO - Processando placa: AZD7648
2025-05-19 13:37:08,974 - INFO - Localização para AZD7648: Marituba, Pará
2025-05-19 13:37:08,976 - INFO - Resultados salvos em: localizacao_veiculos.json
2025-05-19 13:37:08,976 - INFO - 14 veículos com localização obtidos.
2025-05-19 13:37:08,977 - INFO - Iniciando processamento individual de cada veículo no sistema SSW...
2025-05-19 13:37:08,977 - INFO - Processando veículo 1/14: Placa MJQ9F49 - Quatro Barras/Paraná
2025-05-19 13:37:08,978 - INFO - Iniciando atualização no SSW para a placa: MJQ9F49 - Quatro Barras/Paraná
2025-05-19 13:37:10,688 - INFO - WebDriver iniciado para placa MJQ9F49.
2025-05-19 13:37:54,368 - INFO - Tabela encontrada, processando manifestos...
2025-05-19 13:38:02,192 - INFO - Pulando linha - penúltima coluna preenchida: AWB
2025-05-19 13:38:25,682 - INFO - AUTORIZADO encontrado para manifesto: CTA 025653-6
2025-05-19 13:38:28,721 - INFO - Manifesto processado e armazenado: CTA=CTA, Número=0256536
2025-05-19 13:38:35,764 - INFO - Pulando linha - penúltima coluna preenchida:  
2025-05-19 13:41:49,600 - INFO - Iniciando script principal...
2025-05-19 13:41:49,601 - INFO - Consultando placas e localizações via processador_placas.py...
2025-05-19 13:41:49,602 - INFO - Iniciando o processo de localização de veículos...
2025-05-19 13:41:49,603 - INFO - Sistema iniciado e pronto para extração.
2025-05-19 13:41:49,603 - INFO - Diretório de download configurado para: C:\Users\Administrador\Downloads. Esta verificação de existência será pulada no sandbox.
2025-05-19 13:41:50,113 - INFO - Conexão com https://www.google.com/ verificada com sucesso
2025-05-19 13:41:50,214 - INFO - Conexão com http://vstrack.ddns.net/ verificada com sucesso
2025-05-19 13:41:50,215 - INFO - Iniciando processo de extração de dados...
2025-05-19 13:41:51,741 - INFO - Acessando URL: http://vstrack.ddns.net/komando/Rastreamento/Index
2025-05-19 13:41:53,291 - INFO - Aguardando página de login carregar...
2025-05-19 13:41:53,310 - INFO - Página de login carregada. Preenchendo credenciais...
2025-05-19 13:41:53,487 - INFO - Tentando clicar no botão de login por ID...
2025-05-19 13:41:56,180 - INFO - Aguardando redirecionamento após login...
2025-05-19 13:42:01,187 - INFO - Login concluído. URL atual: http://vstrack.ddns.net/komando/Rastreamento/Index
2025-05-19 13:42:01,188 - INFO - Iniciando extração de dados...
2025-05-19 13:42:01,188 - INFO - Aguardando carregamento da tabela de dados...
2025-05-19 13:42:01,295 - INFO - Opção de 50 registros por página selecionada
2025-05-19 13:42:08,504 - INFO - Placa processada com sucesso: MJQ-9F49 -> MJQ9F49
2025-05-19 13:42:08,524 - WARNING - Célula da placa vazia na linha 4
2025-05-19 13:42:08,535 - INFO - Placa recuperada via JS: MFV-2F58 -> MFV2F58
2025-05-19 13:42:08,560 - WARNING - Célula da placa vazia na linha 5
2025-05-19 13:42:08,567 - INFO - Placa recuperada via JS: EZU-2F66 -> EZU2F66
2025-05-19 13:42:08,585 - WARNING - Célula da placa vazia na linha 6
2025-05-19 13:42:08,595 - INFO - Placa recuperada via JS: AUC-7B87 -> AUC7B87
2025-05-19 13:42:08,619 - WARNING - Célula da placa vazia na linha 7
2025-05-19 13:42:08,627 - INFO - Placa recuperada via JS: AOE-1440 -> AOE1440
2025-05-19 13:42:08,647 - WARNING - Célula da placa vazia na linha 8
2025-05-19 13:42:08,656 - INFO - Placa recuperada via JS: MXD-4E39 -> MXD4E39
2025-05-19 13:42:08,675 - WARNING - Célula da placa vazia na linha 9
2025-05-19 13:42:08,680 - INFO - Placa recuperada via JS: HNX-2I05 -> HNX2I05
2025-05-19 13:42:08,700 - WARNING - Célula da placa vazia na linha 10
2025-05-19 13:42:08,708 - INFO - Placa recuperada via JS: FSC-2A29 -> FSC2A29
2025-05-19 13:42:08,728 - WARNING - Célula da placa vazia na linha 11
2025-05-19 13:42:08,735 - INFO - Placa recuperada via JS: RYZ-8I09 -> RYZ8I09
2025-05-19 13:42:08,761 - WARNING - Célula da placa vazia na linha 12
2025-05-19 13:42:08,768 - INFO - Placa recuperada via JS: AXL-6G70 -> AXL6G70
2025-05-19 13:42:08,788 - WARNING - Célula da placa vazia na linha 13
2025-05-19 13:42:08,794 - INFO - Placa recuperada via JS: MKQ-1B65 -> MKQ1B65
2025-05-19 13:42:08,813 - WARNING - Célula da placa vazia na linha 14
2025-05-19 13:42:08,820 - INFO - Placa recuperada via JS: AZO-5G94 -> AZO5G94
2025-05-19 13:42:08,845 - WARNING - Célula da placa vazia na linha 15
2025-05-19 13:42:08,858 - INFO - Placa recuperada via JS: APY-4F10 -> APY4F10
2025-05-19 13:42:08,878 - WARNING - Célula da placa vazia na linha 16
2025-05-19 13:42:08,882 - INFO - Placa recuperada via JS: AZD-7648 -> AZD7648
2025-05-19 13:42:08,883 - INFO - Total de placas encontradas: 14
2025-05-19 13:42:08,884 - INFO - Placa 1: MJQ9F49
2025-05-19 13:42:08,884 - INFO - Placa 2: MFV2F58
2025-05-19 13:42:08,885 - INFO - Placa 3: EZU2F66
2025-05-19 13:42:08,885 - INFO - Placa 4: AUC7B87
2025-05-19 13:42:08,885 - INFO - Placa 5: AOE1440
2025-05-19 13:42:08,885 - INFO - Placa 6: MXD4E39
2025-05-19 13:42:08,886 - INFO - Placa 7: HNX2I05
2025-05-19 13:42:08,886 - INFO - Placa 8: FSC2A29
2025-05-19 13:42:08,886 - INFO - Placa 9: RYZ8I09
2025-05-19 13:42:08,886 - INFO - Placa 10: AXL6G70
2025-05-19 13:42:08,887 - INFO - Placa 11: MKQ1B65
2025-05-19 13:42:08,887 - INFO - Placa 12: AZO5G94
2025-05-19 13:42:08,887 - INFO - Placa 13: APY4F10
2025-05-19 13:42:08,887 - INFO - Placa 14: AZD7648
2025-05-19 13:42:11,095 - INFO - Placas recebidas para processamento: ['MJQ9F49', 'MFV2F58', 'EZU2F66', 'AUC7B87', 'AOE1440', 'MXD4E39', 'HNX2I05', 'FSC2A29', 'RYZ8I09', 'AXL6G70', 'MKQ1B65', 'AZO5G94', 'APY4F10', 'AZD7648']
2025-05-19 13:42:11,096 - INFO - Obtendo token da API...
2025-05-19 13:42:11,227 - INFO - Token da API obtido com sucesso.
2025-05-19 13:42:11,228 - INFO - Processando placa: MJQ9F49
2025-05-19 13:42:12,759 - INFO - Localização para MJQ9F49: Quatro Barras, Paraná
2025-05-19 13:42:12,759 - INFO - Processando placa: MFV2F58
2025-05-19 13:42:14,319 - INFO - Localização para MFV2F58: Centralina, Minas Gerais
2025-05-19 13:42:14,320 - INFO - Processando placa: EZU2F66
2025-05-19 13:42:14,562 - WARNING - Estrutura de resposta da API inesperada para a placa EZU2F66 (esperado 'Posicoes' como lista com itens). Resposta: {'Status': 111, 'ErrosValidacao': [{'Codigo': 24, 'Descricao': 'Consulta veículo não encontrada, favor solicitar consulta. - Nenhuma posição da placa informada foi encontrada.'}]}
2025-05-19 13:42:14,563 - INFO - Processando placa: AUC7B87
2025-05-19 13:42:16,073 - INFO - Localização para AUC7B87: Quatro Barras, Paraná
2025-05-19 13:42:16,074 - INFO - Processando placa: AOE1440
2025-05-19 13:42:16,520 - INFO - Nome da cidade ajustado para: Uberlândia
2025-05-19 13:42:17,521 - INFO - Localização para AOE1440: Uberlândia, Minas Gerais
2025-05-19 13:42:17,522 - INFO - Processando placa: MXD4E39
2025-05-19 13:42:19,088 - INFO - Localização para MXD4E39: Pedra Azul, Minas Gerais
2025-05-19 13:42:19,089 - INFO - Processando placa: HNX2I05
2025-05-19 13:42:20,554 - INFO - Localização para HNX2I05: Suzano, São Paulo
2025-05-19 13:42:20,555 - INFO - Processando placa: FSC2A29
2025-05-19 13:42:22,023 - INFO - Localização para FSC2A29: Anápolis, Goiás
2025-05-19 13:42:22,024 - INFO - Processando placa: RYZ8I09
2025-05-19 13:42:23,503 - INFO - Localização para RYZ8I09: Esplanada, Bahia
2025-05-19 13:42:23,503 - INFO - Processando placa: AXL6G70
2025-05-19 13:42:25,019 - INFO - Localização para AXL6G70: Jequié, Bahia
2025-05-19 13:42:25,020 - INFO - Processando placa: MKQ1B65
2025-05-19 13:42:26,471 - INFO - Localização para MKQ1B65: São Miguel do Tocantins, Tocantins
2025-05-19 13:42:26,472 - INFO - Processando placa: AZO5G94
2025-05-19 13:42:26,992 - INFO - Nome da cidade ajustado para: Jequié
2025-05-19 13:42:27,992 - INFO - Localização para AZO5G94: Jequié, Bahia
2025-05-19 13:42:27,993 - INFO - Processando placa: APY4F10
2025-05-19 13:42:29,491 - INFO - Localização para APY4F10: Fazenda Rio Grande, Paraná
2025-05-19 13:42:29,492 - INFO - Processando placa: AZD7648
2025-05-19 13:42:30,953 - INFO - Localização para AZD7648: Marituba, Pará
2025-05-19 13:42:30,954 - INFO - Resultados salvos em: localizacao_veiculos.json
2025-05-19 13:42:30,955 - INFO - 14 veículos com localização obtidos.
2025-05-19 13:42:30,955 - INFO - Iniciando processamento individual de cada veículo no sistema SSW...
2025-05-19 13:42:30,955 - INFO - Processando veículo 1/14: Placa MJQ9F49 - Quatro Barras/Paraná
2025-05-19 13:42:30,956 - INFO - Iniciando atualização no SSW para a placa: MJQ9F49 - Quatro Barras/Paraná
2025-05-19 13:42:32,737 - INFO - WebDriver iniciado para placa MJQ9F49.
2025-05-19 13:43:01,723 - INFO - Tabela encontrada, processando manifestos...
2025-05-19 13:43:06,286 - INFO - Pulando linha - penúltima coluna preenchida: AWB
2025-05-19 13:43:29,362 - INFO - Iniciando script principal...
2025-05-19 13:43:29,363 - INFO - Consultando placas e localizações via processador_placas.py...
2025-05-19 13:43:29,363 - INFO - Iniciando o processo de localização de veículos...
2025-05-19 13:43:29,364 - INFO - Sistema iniciado e pronto para extração.
2025-05-19 13:43:29,364 - INFO - Diretório de download configurado para: C:\Users\Administrador\Downloads. Esta verificação de existência será pulada no sandbox.
2025-05-19 13:43:29,893 - INFO - Conexão com https://www.google.com/ verificada com sucesso
2025-05-19 13:43:30,006 - INFO - Conexão com http://vstrack.ddns.net/ verificada com sucesso
2025-05-19 13:43:30,007 - INFO - Iniciando processo de extração de dados...
2025-05-19 13:43:31,743 - INFO - Acessando URL: http://vstrack.ddns.net/komando/Rastreamento/Index
2025-05-19 13:43:33,472 - INFO - Aguardando página de login carregar...
2025-05-19 13:43:33,490 - INFO - Página de login carregada. Preenchendo credenciais...
2025-05-19 13:43:33,691 - INFO - Tentando clicar no botão de login por ID...
2025-05-19 13:43:36,130 - INFO - Aguardando redirecionamento após login...
2025-05-19 13:43:41,138 - INFO - Login concluído. URL atual: http://vstrack.ddns.net/komando/Rastreamento/Index
2025-05-19 13:43:41,138 - INFO - Iniciando extração de dados...
2025-05-19 13:43:41,138 - INFO - Aguardando carregamento da tabela de dados...
2025-05-19 13:43:41,261 - INFO - Opção de 50 registros por página selecionada
2025-05-19 13:43:48,533 - INFO - Placa processada com sucesso: MJQ-9F49 -> MJQ9F49
2025-05-19 13:43:48,559 - WARNING - Célula da placa vazia na linha 4
2025-05-19 13:43:48,569 - INFO - Placa recuperada via JS: MFV-2F58 -> MFV2F58
2025-05-19 13:43:48,594 - WARNING - Célula da placa vazia na linha 5
2025-05-19 13:43:48,605 - INFO - Placa recuperada via JS: EZU-2F66 -> EZU2F66
2025-05-19 13:43:48,628 - WARNING - Célula da placa vazia na linha 6
2025-05-19 13:43:48,638 - INFO - Placa recuperada via JS: AUC-7B87 -> AUC7B87
2025-05-19 13:43:48,661 - WARNING - Célula da placa vazia na linha 7
2025-05-19 13:43:48,669 - INFO - Placa recuperada via JS: AOE-1440 -> AOE1440
2025-05-19 13:43:48,688 - WARNING - Célula da placa vazia na linha 8
2025-05-19 13:43:48,696 - INFO - Placa recuperada via JS: MXD-4E39 -> MXD4E39
2025-05-19 13:43:48,713 - WARNING - Célula da placa vazia na linha 9
2025-05-19 13:43:48,721 - INFO - Placa recuperada via JS: HNX-2I05 -> HNX2I05
2025-05-19 13:43:48,744 - WARNING - Célula da placa vazia na linha 10
2025-05-19 13:43:48,754 - INFO - Placa recuperada via JS: FSC-2A29 -> FSC2A29
2025-05-19 13:43:48,778 - WARNING - Célula da placa vazia na linha 11
2025-05-19 13:43:48,787 - INFO - Placa recuperada via JS: RYZ-8I09 -> RYZ8I09
2025-05-19 13:43:48,811 - WARNING - Célula da placa vazia na linha 12
2025-05-19 13:43:48,817 - INFO - Placa recuperada via JS: AXL-6G70 -> AXL6G70
2025-05-19 13:43:48,845 - WARNING - Célula da placa vazia na linha 13
2025-05-19 13:43:48,855 - INFO - Placa recuperada via JS: MKQ-1B65 -> MKQ1B65
2025-05-19 13:43:48,879 - WARNING - Célula da placa vazia na linha 14
2025-05-19 13:43:48,890 - INFO - Placa recuperada via JS: AZO-5G94 -> AZO5G94
2025-05-19 13:43:48,914 - WARNING - Célula da placa vazia na linha 15
2025-05-19 13:43:48,923 - INFO - Placa recuperada via JS: APY-4F10 -> APY4F10
2025-05-19 13:43:48,945 - WARNING - Célula da placa vazia na linha 16
2025-05-19 13:43:48,952 - INFO - Placa recuperada via JS: AZD-7648 -> AZD7648
2025-05-19 13:43:48,954 - INFO - Total de placas encontradas: 14
2025-05-19 13:43:48,954 - INFO - Placa 1: MJQ9F49
2025-05-19 13:43:48,955 - INFO - Placa 2: MFV2F58
2025-05-19 13:43:48,955 - INFO - Placa 3: EZU2F66
2025-05-19 13:43:48,955 - INFO - Placa 4: AUC7B87
2025-05-19 13:43:48,956 - INFO - Placa 5: AOE1440
2025-05-19 13:43:48,956 - INFO - Placa 6: MXD4E39
2025-05-19 13:43:48,956 - INFO - Placa 7: HNX2I05
2025-05-19 13:43:48,957 - INFO - Placa 8: FSC2A29
2025-05-19 13:43:48,957 - INFO - Placa 9: RYZ8I09
2025-05-19 13:43:48,957 - INFO - Placa 10: AXL6G70
2025-05-19 13:43:48,957 - INFO - Placa 11: MKQ1B65
2025-05-19 13:43:48,958 - INFO - Placa 12: AZO5G94
2025-05-19 13:43:48,958 - INFO - Placa 13: APY4F10
2025-05-19 13:43:48,958 - INFO - Placa 14: AZD7648
2025-05-19 13:43:51,168 - INFO - Placas recebidas para processamento: ['MJQ9F49', 'MFV2F58', 'EZU2F66', 'AUC7B87', 'AOE1440', 'MXD4E39', 'HNX2I05', 'FSC2A29', 'RYZ8I09', 'AXL6G70', 'MKQ1B65', 'AZO5G94', 'APY4F10', 'AZD7648']
2025-05-19 13:43:51,169 - INFO - Obtendo token da API...
2025-05-19 13:43:51,291 - INFO - Token da API obtido com sucesso.
2025-05-19 13:43:51,291 - INFO - Processando placa: MJQ9F49
2025-05-19 13:43:52,746 - INFO - Localização para MJQ9F49: Quatro Barras, Paraná
2025-05-19 13:43:52,748 - INFO - Processando placa: MFV2F58
2025-05-19 13:43:54,280 - INFO - Localização para MFV2F58: Centralina, Minas Gerais
2025-05-19 13:43:54,281 - INFO - Processando placa: EZU2F66
2025-05-19 13:43:54,509 - WARNING - Estrutura de resposta da API inesperada para a placa EZU2F66 (esperado 'Posicoes' como lista com itens). Resposta: {'Status': 111, 'ErrosValidacao': [{'Codigo': 24, 'Descricao': 'Consulta veículo não encontrada, favor solicitar consulta. - Nenhuma posição da placa informada foi encontrada.'}]}
2025-05-19 13:43:54,511 - INFO - Processando placa: AUC7B87
2025-05-19 13:43:56,001 - INFO - Localização para AUC7B87: Quatro Barras, Paraná
2025-05-19 13:43:56,002 - INFO - Processando placa: AOE1440
2025-05-19 13:43:56,454 - INFO - Nome da cidade ajustado para: Uberlândia
2025-05-19 13:43:57,455 - INFO - Localização para AOE1440: Uberlândia, Minas Gerais
2025-05-19 13:43:57,456 - INFO - Processando placa: MXD4E39
2025-05-19 13:43:58,942 - INFO - Localização para MXD4E39: Pedra Azul, Minas Gerais
2025-05-19 13:43:58,942 - INFO - Processando placa: HNX2I05
2025-05-19 13:44:00,405 - INFO - Localização para HNX2I05: Suzano, São Paulo
2025-05-19 13:44:00,406 - INFO - Processando placa: FSC2A29
2025-05-19 13:44:01,846 - INFO - Localização para FSC2A29: Anápolis, Goiás
2025-05-19 13:44:01,847 - INFO - Processando placa: RYZ8I09
2025-05-19 13:44:03,326 - INFO - Localização para RYZ8I09: Esplanada, Bahia
2025-05-19 13:44:03,327 - INFO - Processando placa: AXL6G70
2025-05-19 13:44:04,819 - INFO - Localização para AXL6G70: Jequié, Bahia
2025-05-19 13:44:04,821 - INFO - Processando placa: MKQ1B65
2025-05-19 13:44:06,277 - INFO - Localização para MKQ1B65: São Miguel do Tocantins, Tocantins
2025-05-19 13:44:06,299 - INFO - Processando placa: AZO5G94
2025-05-19 13:44:06,752 - INFO - Nome da cidade ajustado para: Jequié
2025-05-19 13:44:07,753 - INFO - Localização para AZO5G94: Jequié, Bahia
2025-05-19 13:44:07,754 - INFO - Processando placa: APY4F10
2025-05-19 13:44:09,395 - INFO - Localização para APY4F10: Fazenda Rio Grande, Paraná
2025-05-19 13:44:09,396 - INFO - Processando placa: AZD7648
2025-05-19 13:44:10,862 - INFO - Localização para AZD7648: Marituba, Pará
2025-05-19 13:44:10,864 - INFO - Resultados salvos em: localizacao_veiculos.json
2025-05-19 13:44:10,864 - INFO - 14 veículos com localização obtidos.
2025-05-19 13:44:10,865 - INFO - Iniciando processamento individual de cada veículo no sistema SSW...
2025-05-19 13:44:10,865 - INFO - Processando veículo 1/14: Placa MJQ9F49 - Quatro Barras/Paraná
2025-05-19 13:44:10,866 - INFO - Iniciando atualização no SSW para a placa: MJQ9F49 - Quatro Barras/Paraná
2025-05-19 13:44:12,429 - INFO - WebDriver iniciado para placa MJQ9F49.
2025-05-19 13:44:48,066 - INFO - Tabela encontrada, processando manifestos...
2025-05-19 13:44:55,752 - INFO - Pulando linha - penúltima coluna preenchida: Chegada
2025-05-19 13:45:05,244 - INFO - AUTORIZADO encontrado para manifesto: CTA 025653-6
2025-05-19 13:45:07,779 - INFO - Manifesto processado e armazenado: CTA=CTA, Número=0256536
2025-05-19 13:45:10,326 - INFO - Pulando linha - penúltima coluna preenchida: 06/05/25 07:24
2025-05-19 13:45:15,608 - INFO - Pulando linha - penúltima coluna preenchida: 29/04/25 07:27
2025-05-19 13:45:15,609 - INFO - Total de manifestos encontrados: 1
2025-05-19 13:45:15,610 - INFO - Manifestos CTA: ['CTA']
2025-05-19 13:45:15,611 - INFO - Números: ['0256536']
2025-05-19 13:45:15,612 - INFO - Total de manifestos autorizados encontrados: 1
2025-05-19 13:45:17,776 - INFO - Processando manifesto 1/1: CTA - 0256536
2025-05-19 13:45:36,370 - INFO - Todos os 1 manifestos foram processados
2025-05-19 13:45:38,638 - INFO - WebDriver finalizado para placa MJQ9F49.
2025-05-19 13:45:38,638 - INFO - Função atualizar_sistema_para_placa (MJQ9F49) concluída.
2025-05-19 13:45:38,639 - INFO - Aguardando intervalo antes do próximo veículo...
2025-05-19 13:45:43,640 - INFO - Processando veículo 2/14: Placa MFV2F58 - Centralina/Minas Gerais
2025-05-19 13:45:43,643 - INFO - Iniciando atualização no SSW para a placa: MFV2F58 - Centralina/Minas Gerais
2025-05-19 13:45:45,233 - INFO - WebDriver iniciado para placa MFV2F58.
2025-05-19 13:46:18,667 - INFO - Tabela encontrada, processando manifestos...
2025-05-19 13:46:18,736 - INFO - Pulando linha - penúltima coluna preenchida: Chegada
2025-05-19 13:46:18,776 - INFO - AUTORIZADO encontrado para manifesto: CTA 025651-0
2025-05-19 13:46:18,780 - INFO - Manifesto processado e armazenado: CTA=CTA, Número=0256510
2025-05-19 13:46:18,819 - INFO - AUTORIZADO encontrado para manifesto: CTA 025650-1
2025-05-19 13:46:18,819 - INFO - Manifesto processado e armazenado: CTA=CTA, Número=0256501
2025-05-19 13:46:18,859 - INFO - AUTORIZADO encontrado para manifesto: CTA 025652-8
2025-05-19 13:46:18,859 - INFO - Manifesto processado e armazenado: CTA=CTA, Número=0256528
2025-05-19 13:46:18,859 - INFO - Total de manifestos encontrados: 3
2025-05-19 13:46:18,860 - INFO - Manifestos CTA: ['CTA', 'CTA', 'CTA']
2025-05-19 13:46:18,861 - INFO - Números: ['0256510', '0256501', '0256528']
2025-05-19 13:46:18,862 - INFO - Total de manifestos autorizados encontrados: 3
2025-05-19 13:46:21,045 - INFO - Processando manifesto 1/3: CTA - 0256510
2025-05-19 13:46:32,764 - INFO - Processando manifesto 2/3: CTA - 0256501
2025-05-19 13:46:47,623 - INFO - Processando manifesto 3/3: CTA - 0256528
2025-05-19 13:47:02,447 - INFO - Todos os 3 manifestos foram processados
2025-05-19 13:47:04,670 - INFO - WebDriver finalizado para placa MFV2F58.
2025-05-19 13:47:04,670 - INFO - Função atualizar_sistema_para_placa (MFV2F58) concluída.
2025-05-19 13:47:04,671 - INFO - Aguardando intervalo antes do próximo veículo...
2025-05-19 13:47:09,673 - WARNING - Veículo 3 com dados incompletos. Pulando processamento: {'placa': 'EZU2F66', 'Latitude': None, 'Longitude': None, 'Erro': 'Estrutura de resposta inesperada'}
2025-05-19 13:47:09,674 - INFO - Processando veículo 4/14: Placa AUC7B87 - Quatro Barras/Paraná
2025-05-19 13:47:09,675 - INFO - Iniciando atualização no SSW para a placa: AUC7B87 - Quatro Barras/Paraná
2025-05-19 13:47:11,311 - INFO - WebDriver iniciado para placa AUC7B87.
2025-05-19 13:47:48,898 - INFO - Tabela encontrada, processando manifestos...
2025-05-19 13:47:52,414 - INFO - Pulando linha - penúltima coluna preenchida: Chegada
2025-05-19 13:47:55,730 - INFO - AUTORIZADO encontrado para manifesto: CTA 025645-5
2025-05-19 13:47:57,905 - INFO - Manifesto processado e armazenado: CTA=CTA, Número=0256455
2025-05-19 13:48:02,120 - INFO - Pulando linha - penúltima coluna preenchida: 15/05/25 09:55
2025-05-19 13:48:11,269 - INFO - Pulando linha - penúltima coluna preenchida: 14/05/25 10:39
2025-05-19 13:48:11,300 - INFO - Pulando linha - penúltima coluna preenchida: 08/05/25 00:32
2025-05-19 13:48:11,300 - INFO - Total de manifestos encontrados: 1
2025-05-19 13:48:11,300 - INFO - Manifestos CTA: ['CTA']
2025-05-19 13:48:11,300 - INFO - Números: ['0256455']
2025-05-19 13:48:11,301 - INFO - Total de manifestos autorizados encontrados: 1
2025-05-19 13:48:13,572 - INFO - Processando manifesto 1/1: CTA - 0256455
2025-05-19 13:48:27,888 - INFO - Todos os 1 manifestos foram processados
2025-05-19 13:48:30,078 - INFO - WebDriver finalizado para placa AUC7B87.
2025-05-19 13:48:30,079 - INFO - Função atualizar_sistema_para_placa (AUC7B87) concluída.
2025-05-19 13:48:30,080 - INFO - Aguardando intervalo antes do próximo veículo...
2025-05-19 13:48:35,080 - INFO - Processando veículo 5/14: Placa AOE1440 - Uberlândia/Minas Gerais
2025-05-19 13:48:35,081 - INFO - Iniciando atualização no SSW para a placa: AOE1440 - Uberlândia/Minas Gerais
2025-05-19 13:48:36,724 - INFO - WebDriver iniciado para placa AOE1440.
2025-05-19 13:49:04,605 - INFO - Tabela encontrada, processando manifestos...
2025-05-19 13:49:04,676 - INFO - Pulando linha - penúltima coluna preenchida: Chegada
2025-05-19 13:49:04,709 - INFO - Pulando linha - penúltima coluna preenchida: 19/05/25 08:18
2025-05-19 13:49:04,758 - INFO - AUTORIZADO encontrado para manifesto: CTA 025644-7
2025-05-19 13:49:04,759 - INFO - Manifesto processado e armazenado: CTA=CTA, Número=0256447
2025-05-19 13:49:04,794 - INFO - Pulando linha - penúltima coluna preenchida: 08/05/25 11:18
2025-05-19 13:49:04,825 - INFO - Pulando linha - penúltima coluna preenchida: 07/05/25 08:32
2025-05-19 13:49:04,858 - INFO - Pulando linha - penúltima coluna preenchida: 05/05/25 09:03
2025-05-19 13:49:04,891 - INFO - Pulando linha - penúltima coluna preenchida: 24/04/25 12:10
2025-05-19 13:49:04,891 - INFO - Total de manifestos encontrados: 1
2025-05-19 13:49:04,892 - INFO - Manifestos CTA: ['CTA']
2025-05-19 13:49:04,892 - INFO - Números: ['0256447']
2025-05-19 13:49:04,892 - INFO - Total de manifestos autorizados encontrados: 1
2025-05-19 13:49:07,190 - INFO - Processando manifesto 1/1: CTA - 0256447
2025-05-19 13:49:21,091 - INFO - Todos os 1 manifestos foram processados
2025-05-19 13:49:23,328 - INFO - WebDriver finalizado para placa AOE1440.
2025-05-19 13:49:23,329 - INFO - Função atualizar_sistema_para_placa (AOE1440) concluída.
2025-05-19 13:49:23,329 - INFO - Aguardando intervalo antes do próximo veículo...
2025-05-19 13:49:28,331 - INFO - Processando veículo 6/14: Placa MXD4E39 - Pedra Azul/Minas Gerais
2025-05-19 13:49:28,333 - INFO - Iniciando atualização no SSW para a placa: MXD4E39 - Pedra Azul/Minas Gerais
2025-05-19 13:49:29,790 - INFO - WebDriver iniciado para placa MXD4E39.
2025-05-19 13:49:51,574 - INFO - Tabela encontrada, processando manifestos...
2025-05-19 13:49:51,644 - INFO - Pulando linha - penúltima coluna preenchida: Chegada
2025-05-19 13:49:51,692 - INFO - AUTORIZADO encontrado para manifesto: CTA 025631-5
2025-05-19 13:49:51,693 - INFO - Manifesto processado e armazenado: CTA=CTA, Número=0256315
2025-05-19 13:49:51,736 - INFO - AUTORIZADO encontrado para manifesto: CTA 025632-3
2025-05-19 13:49:51,737 - INFO - Manifesto processado e armazenado: CTA=CTA, Número=0256323
2025-05-19 13:49:51,737 - INFO - Total de manifestos encontrados: 2
2025-05-19 13:49:51,737 - INFO - Manifestos CTA: ['CTA', 'CTA']
2025-05-19 13:49:51,737 - INFO - Números: ['0256315', '0256323']
2025-05-19 13:49:51,738 - INFO - Total de manifestos autorizados encontrados: 2
2025-05-19 13:49:54,094 - INFO - Processando manifesto 1/2: CTA - 0256315
2025-05-19 13:50:11,545 - INFO - Processando manifesto 2/2: CTA - 0256323
2025-05-19 13:50:32,639 - INFO - Todos os 2 manifestos foram processados
2025-05-19 13:50:34,882 - INFO - WebDriver finalizado para placa MXD4E39.
2025-05-19 13:50:34,883 - INFO - Função atualizar_sistema_para_placa (MXD4E39) concluída.
2025-05-19 13:50:34,884 - INFO - Aguardando intervalo antes do próximo veículo...
2025-05-19 13:50:39,885 - INFO - Processando veículo 7/14: Placa HNX2I05 - Suzano/São Paulo
2025-05-19 13:50:39,887 - INFO - Iniciando atualização no SSW para a placa: HNX2I05 - Suzano/São Paulo
2025-05-19 13:50:41,470 - INFO - WebDriver iniciado para placa HNX2I05.
2025-05-19 13:51:11,625 - INFO - Tabela encontrada, processando manifestos...
2025-05-19 13:51:11,695 - INFO - Pulando linha - penúltima coluna preenchida: Chegada
2025-05-19 13:51:11,769 - INFO - AUTORIZADO encontrado para manifesto: CTA 025630-7
2025-05-19 13:51:11,769 - INFO - Manifesto processado e armazenado: CTA=CTA, Número=0256307
2025-05-19 13:51:11,833 - INFO - Pulando linha - penúltima coluna preenchida: 13/05/25 09:02
2025-05-19 13:51:11,861 - INFO - Pulando linha - penúltima coluna preenchida: 06/05/25 08:05
2025-05-19 13:51:11,887 - INFO - Pulando linha - penúltima coluna preenchida: 05/05/25 08:10
2025-05-19 13:51:11,916 - INFO - Pulando linha - penúltima coluna preenchida: 29/04/25 15:10
2025-05-19 13:51:11,944 - INFO - Pulando linha - penúltima coluna preenchida: 29/04/25 11:01
2025-05-19 13:51:11,945 - INFO - Total de manifestos encontrados: 1
2025-05-19 13:51:11,945 - INFO - Manifestos CTA: ['CTA']
2025-05-19 13:51:11,946 - INFO - Números: ['0256307']
2025-05-19 13:51:11,946 - INFO - Total de manifestos autorizados encontrados: 1
2025-05-19 13:51:14,154 - INFO - Processando manifesto 1/1: CTA - 0256307
2025-05-19 13:51:31,629 - INFO - Todos os 1 manifestos foram processados
2025-05-19 13:51:33,837 - INFO - WebDriver finalizado para placa HNX2I05.
2025-05-19 13:51:33,838 - INFO - Função atualizar_sistema_para_placa (HNX2I05) concluída.
2025-05-19 13:51:33,839 - INFO - Aguardando intervalo antes do próximo veículo...
2025-05-19 13:51:38,840 - INFO - Processando veículo 8/14: Placa FSC2A29 - Anápolis/Goiás
2025-05-19 13:51:38,840 - INFO - Iniciando atualização no SSW para a placa: FSC2A29 - Anápolis/Goiás
2025-05-19 13:51:40,441 - INFO - WebDriver iniciado para placa FSC2A29.
2025-05-19 13:52:13,167 - INFO - Tabela não encontrada, executando fluxo alternativo...
2025-05-19 13:52:13,292 - WARNING - Nenhum manifesto válido encontrado no formulário
2025-05-19 13:52:15,500 - INFO - WebDriver finalizado para placa FSC2A29.
2025-05-19 13:52:15,500 - INFO - Função atualizar_sistema_para_placa (FSC2A29) concluída.
2025-05-19 13:52:15,500 - INFO - Aguardando intervalo antes do próximo veículo...
2025-05-19 13:52:20,502 - INFO - Processando veículo 9/14: Placa RYZ8I09 - Esplanada/Bahia
2025-05-19 13:52:20,503 - INFO - Iniciando atualização no SSW para a placa: RYZ8I09 - Esplanada/Bahia
2025-05-19 13:52:22,124 - INFO - WebDriver iniciado para placa RYZ8I09.
2025-05-19 13:53:02,140 - INFO - Tabela encontrada, processando manifestos...
2025-05-19 13:53:02,204 - INFO - Pulando linha - penúltima coluna preenchida: Chegada
2025-05-19 13:53:02,239 - INFO - AUTORIZADO encontrado para manifesto: CTA 025610-2
2025-05-19 13:53:02,240 - INFO - Manifesto processado e armazenado: CTA=CTA, Número=0256102
2025-05-19 13:53:02,271 - INFO - AUTORIZADO encontrado para manifesto: CTA 025606-4
2025-05-19 13:53:02,271 - INFO - Manifesto processado e armazenado: CTA=CTA, Número=0256064
2025-05-19 13:53:02,302 - INFO - Pulando linha - penúltima coluna preenchida: 25/04/25 13:13
2025-05-19 13:53:02,326 - INFO - Pulando linha - penúltima coluna preenchida: 29/04/25 08:03
2025-05-19 13:53:02,326 - INFO - Total de manifestos encontrados: 2
2025-05-19 13:53:02,326 - INFO - Manifestos CTA: ['CTA', 'CTA']
2025-05-19 13:53:02,327 - INFO - Números: ['0256102', '0256064']
2025-05-19 13:53:02,327 - INFO - Total de manifestos autorizados encontrados: 2
2025-05-19 13:53:04,533 - INFO - Processando manifesto 1/2: CTA - 0256102
2025-05-19 13:53:21,451 - INFO - Processando manifesto 2/2: CTA - 0256064
2025-05-19 13:53:38,414 - INFO - Todos os 2 manifestos foram processados
2025-05-19 13:53:40,633 - INFO - WebDriver finalizado para placa RYZ8I09.
2025-05-19 13:53:40,634 - INFO - Função atualizar_sistema_para_placa (RYZ8I09) concluída.
2025-05-19 13:53:40,634 - INFO - Aguardando intervalo antes do próximo veículo...
2025-05-19 13:53:45,636 - INFO - Processando veículo 10/14: Placa AXL6G70 - Jequié/Bahia
2025-05-19 13:53:45,637 - INFO - Iniciando atualização no SSW para a placa: AXL6G70 - Jequié/Bahia
2025-05-19 13:53:47,320 - INFO - WebDriver iniciado para placa AXL6G70.
2025-05-19 13:54:47,397 - INFO - Tabela não encontrada, executando fluxo alternativo...
2025-05-19 13:54:47,523 - WARNING - Nenhum manifesto válido encontrado no formulário
2025-05-19 13:54:49,682 - INFO - WebDriver finalizado para placa AXL6G70.
2025-05-19 13:54:49,684 - INFO - Função atualizar_sistema_para_placa (AXL6G70) concluída.
2025-05-19 13:54:49,684 - INFO - Aguardando intervalo antes do próximo veículo...
2025-05-19 13:54:54,685 - INFO - Processando veículo 11/14: Placa MKQ1B65 - São Miguel do Tocantins/Tocantins
2025-05-19 13:54:54,687 - INFO - Iniciando atualização no SSW para a placa: MKQ1B65 - São Miguel do Tocantins/Tocantins
2025-05-19 13:54:56,340 - INFO - WebDriver iniciado para placa MKQ1B65.
2025-05-19 13:55:29,669 - INFO - Tabela encontrada, processando manifestos...
2025-05-19 13:55:29,736 - INFO - Pulando linha - penúltima coluna preenchida: Chegada
2025-05-19 13:55:29,788 - INFO - AUTORIZADO encontrado para manifesto: CTA 025612-9
2025-05-19 13:55:29,788 - INFO - Manifesto processado e armazenado: CTA=CTA, Número=0256129
2025-05-19 13:55:29,837 - INFO - AUTORIZADO encontrado para manifesto: CTA 025613-7
2025-05-19 13:55:29,838 - INFO - Manifesto processado e armazenado: CTA=CTA, Número=0256137
2025-05-19 13:55:29,838 - INFO - Total de manifestos encontrados: 2
2025-05-19 13:55:29,838 - INFO - Manifestos CTA: ['CTA', 'CTA']
2025-05-19 13:55:29,839 - INFO - Números: ['0256129', '0256137']
2025-05-19 13:55:29,839 - INFO - Total de manifestos autorizados encontrados: 2
2025-05-19 13:55:32,030 - INFO - Processando manifesto 1/2: CTA - 0256129
2025-05-19 13:55:42,181 - INFO - Processando manifesto 2/2: CTA - 0256137
2025-05-19 13:56:02,253 - INFO - Todos os 2 manifestos foram processados
2025-05-19 13:56:04,486 - INFO - WebDriver finalizado para placa MKQ1B65.
2025-05-19 13:56:04,487 - INFO - Função atualizar_sistema_para_placa (MKQ1B65) concluída.
2025-05-19 13:56:04,487 - INFO - Aguardando intervalo antes do próximo veículo...
2025-05-19 13:56:09,488 - INFO - Processando veículo 12/14: Placa AZO5G94 - Jequié/Bahia
2025-05-19 13:56:09,488 - INFO - Iniciando atualização no SSW para a placa: AZO5G94 - Jequié/Bahia
2025-05-19 13:56:11,031 - INFO - WebDriver iniciado para placa AZO5G94.
2025-05-19 13:56:31,009 - INFO - Tabela encontrada, processando manifestos...
2025-05-19 13:56:31,079 - INFO - Pulando linha - penúltima coluna preenchida: Chegada
2025-05-19 13:56:31,133 - INFO - AUTORIZADO encontrado para manifesto: CTA 025603-0
2025-05-19 13:56:31,134 - INFO - Manifesto processado e armazenado: CTA=CTA, Número=0256030
2025-05-19 13:56:31,176 - INFO - AUTORIZADO encontrado para manifesto: CTA 025605-6
2025-05-19 13:56:31,176 - INFO - Manifesto processado e armazenado: CTA=CTA, Número=0256056
2025-05-19 13:56:31,226 - INFO - AUTORIZADO encontrado para manifesto: CTA 025600-5
2025-05-19 13:56:31,226 - INFO - Manifesto processado e armazenado: CTA=CTA, Número=0256005
2025-05-19 13:56:31,268 - INFO - AUTORIZADO encontrado para manifesto: CTA 025604-8
2025-05-19 13:56:31,269 - INFO - Manifesto processado e armazenado: CTA=CTA, Número=0256048
2025-05-19 13:56:31,304 - INFO - Pulando linha - penúltima coluna preenchida: 29/04/25 13:05
2025-05-19 13:56:31,338 - INFO - Pulando linha - penúltima coluna preenchida: 06/05/25 10:44
2025-05-19 13:56:31,371 - INFO - Pulando linha - penúltima coluna preenchida: 02/05/25 08:22
2025-05-19 13:56:31,404 - INFO - Pulando linha - penúltima coluna preenchida: 05/05/25 16:03
2025-05-19 13:56:31,404 - INFO - Total de manifestos encontrados: 4
2025-05-19 13:56:31,405 - INFO - Manifestos CTA: ['CTA', 'CTA', 'CTA', 'CTA']
2025-05-19 13:56:31,405 - INFO - Números: ['0256030', '0256056', '0256005', '0256048']
2025-05-19 13:56:31,405 - INFO - Total de manifestos autorizados encontrados: 4
2025-05-19 13:56:33,657 - INFO - Processando manifesto 1/4: CTA - 0256030
2025-05-19 13:56:46,382 - INFO - Processando manifesto 2/4: CTA - 0256056
2025-05-19 13:56:56,017 - INFO - Processando manifesto 3/4: CTA - 0256005
2025-05-19 13:57:07,740 - INFO - Processando manifesto 4/4: CTA - 0256048
2025-05-19 13:57:24,655 - INFO - Todos os 4 manifestos foram processados
2025-05-19 13:57:26,841 - INFO - WebDriver finalizado para placa AZO5G94.
2025-05-19 13:57:26,843 - INFO - Função atualizar_sistema_para_placa (AZO5G94) concluída.
2025-05-19 13:57:26,843 - INFO - Aguardando intervalo antes do próximo veículo...
2025-05-19 13:57:31,845 - INFO - Processando veículo 13/14: Placa APY4F10 - Fazenda Rio Grande/Paraná
2025-05-19 13:57:31,846 - INFO - Iniciando atualização no SSW para a placa: APY4F10 - Fazenda Rio Grande/Paraná
2025-05-19 13:57:33,464 - INFO - WebDriver iniciado para placa APY4F10.
2025-05-19 13:57:59,240 - INFO - Tabela encontrada, processando manifestos...
2025-05-19 13:57:59,311 - INFO - Pulando linha - penúltima coluna preenchida: Chegada
2025-05-19 13:57:59,360 - INFO - AUTORIZADO encontrado para manifesto: CTA 025595-5
2025-05-19 13:57:59,361 - INFO - Manifesto processado e armazenado: CTA=CTA, Número=0255955
2025-05-19 13:57:59,409 - INFO - AUTORIZADO encontrado para manifesto: CTA 025596-3
2025-05-19 13:57:59,409 - INFO - Manifesto processado e armazenado: CTA=CTA, Número=0255963
2025-05-19 13:57:59,410 - INFO - Total de manifestos encontrados: 2
2025-05-19 13:57:59,410 - INFO - Manifestos CTA: ['CTA', 'CTA']
2025-05-19 13:57:59,410 - INFO - Números: ['0255955', '0255963']
2025-05-19 13:57:59,411 - INFO - Total de manifestos autorizados encontrados: 2
2025-05-19 13:58:01,623 - INFO - Processando manifesto 1/2: CTA - 0255955
2025-05-19 13:58:19,631 - INFO - Processando manifesto 2/2: CTA - 0255963
2025-05-19 13:58:32,874 - INFO - Todos os 2 manifestos foram processados
2025-05-19 13:58:35,039 - INFO - WebDriver finalizado para placa APY4F10.
2025-05-19 13:58:35,040 - INFO - Função atualizar_sistema_para_placa (APY4F10) concluída.
2025-05-19 13:58:35,041 - INFO - Aguardando intervalo antes do próximo veículo...
2025-05-19 13:58:40,043 - INFO - Processando veículo 14/14: Placa AZD7648 - Marituba/Pará
2025-05-19 13:58:40,043 - INFO - Iniciando atualização no SSW para a placa: AZD7648 - Marituba/Pará
2025-05-19 13:58:41,868 - INFO - WebDriver iniciado para placa AZD7648.
2025-05-19 13:59:05,622 - INFO - Tabela encontrada, processando manifestos...
2025-05-19 13:59:05,692 - INFO - Pulando linha - penúltima coluna preenchida: Chegada
2025-05-19 13:59:05,727 - INFO - Pulando linha - penúltima coluna preenchida: 15/05/25 08:22
2025-05-19 13:59:05,785 - INFO - AUTORIZADO encontrado para manifesto: CTA 025521-1
2025-05-19 13:59:05,785 - INFO - Manifesto processado e armazenado: CTA=CTA, Número=0255211
2025-05-19 13:59:05,829 - INFO - AUTORIZADO encontrado para manifesto: CTA 025520-3
2025-05-19 13:59:05,830 - INFO - Manifesto processado e armazenado: CTA=CTA, Número=0255203
2025-05-19 13:59:05,865 - INFO - AUTORIZADO encontrado para manifesto: CTA 025519-0
2025-05-19 13:59:05,866 - INFO - Manifesto processado e armazenado: CTA=CTA, Número=0255190
2025-05-19 13:59:05,894 - INFO - Pulando linha - penúltima coluna preenchida: 16/05/25 08:15
2025-05-19 13:59:05,894 - INFO - Total de manifestos encontrados: 3
2025-05-19 13:59:05,894 - INFO - Manifestos CTA: ['CTA', 'CTA', 'CTA']
2025-05-19 13:59:05,895 - INFO - Números: ['0255211', '0255203', '0255190']
2025-05-19 13:59:05,896 - INFO - Total de manifestos autorizados encontrados: 3
2025-05-19 13:59:08,144 - INFO - Processando manifesto 1/3: CTA - 0255211
2025-05-19 13:59:19,972 - INFO - Processando manifesto 2/3: CTA - 0255203
2025-05-19 13:59:29,581 - INFO - Processando manifesto 3/3: CTA - 0255190
2025-05-19 13:59:41,851 - INFO - Todos os 3 manifestos foram processados
2025-05-19 13:59:44,041 - INFO - WebDriver finalizado para placa AZD7648.
2025-05-19 13:59:44,042 - INFO - Função atualizar_sistema_para_placa (AZD7648) concluída.
2025-05-19 13:59:44,042 - INFO - Todos os veículos listados foram processados.
2025-05-19 13:59:44,042 - INFO - Script principal finalizado.
